INFO:     Will watch for changes in these directories: ['/home/otis/SyferStackV2/backend']
INFO:     Uvicorn running on http://0.0.0.0:8001 (Press CTRL+C to quit)
INFO:     Started reloader process [26412] using WatchFiles
{"asctime": "2025-10-12 20:06:54,691", "levelname": "INFO", "name": "app.logging_config", "message": "Secure logging configured successfully", "pathname": "/home/otis/SyferStackV2/backend/app/logging_config.py", "lineno": 308, "funcName": "setup_json_logging", "log_level": "INFO", "handlers_count": 2, "structured_logging": true, "timestamp": 1760314014.6914973, "security_sanitized": true, "application": "SyferStack-API"}
{"asctime": "2025-10-12 20:06:54,691", "levelname": "INFO", "name": "app.main", "message": "Using orjson for enhanced JSON performance", "pathname": "/home/otis/SyferStackV2/backend/app/main.py", "lineno": 283, "funcName": "<module>", "security_sanitized": true, "application": "SyferStack-API"}
INFO:     Started server process [26414]
INFO:     Waiting for application startup.
{"asctime": "2025-10-12 20:06:54,723", "levelname": "INFO", "name": "app.main", "message": "\ud83d\ude80 SyferStack API starting up...", "pathname": "/home/otis/SyferStackV2/backend/app/main.py", "lineno": 242, "funcName": "lifespan", "security_sanitized": true, "application": "SyferStack-API"}
{"asctime": "2025-10-12 20:06:54,724", "levelname": "INFO", "name": "app.core.database", "message": "Starting database initialization", "pathname": "/home/otis/SyferStackV2/backend/app/core/database.py", "lineno": 297, "funcName": "init_db", "security_sanitized": true, "application": "SyferStack-API"}
{"asctime": "2025-10-12 20:06:54,778", "levelname": "INFO", "name": "app.core.database", "message": "Database initialization completed successfully", "pathname": "/home/otis/SyferStackV2/backend/app/core/database.py", "lineno": 310, "funcName": "init_db", "security_sanitized": true, "application": "SyferStack-API"}
{"asctime": "2025-10-12 20:06:54,778", "levelname": "INFO", "name": "app.main", "message": "\u2705 Database initialized", "pathname": "/home/otis/SyferStackV2/backend/app/main.py", "lineno": 248, "funcName": "lifespan", "security_sanitized": true, "application": "SyferStack-API"}
{"asctime": "2025-10-12 20:06:54,778", "levelname": "INFO", "name": "app.main", "message": "\u2705 SyferStack API startup complete", "pathname": "/home/otis/SyferStackV2/backend/app/main.py", "lineno": 254, "funcName": "lifespan", "security_sanitized": true, "application": "SyferStack-API"}
INFO:     Application startup complete.
{"asctime": "2025-10-12 20:07:15,252", "levelname": "ERROR", "name": "app.core.database", "message": "Unexpected error in database session", "pathname": "/home/otis/SyferStackV2/backend/app/core/database.py", "lineno": 200, "funcName": "get_db_session", "exc_info": "Traceback (most recent call last):\n  File \"/home/otis/SyferStackV2/backend/app/core/database.py\", line 187, in get_db_session\n    yield session\n  File \"/home/otis/SyferStackV2/backend/app/core/database.py\", line 229, in get_db\n    yield session\n  File \"/home/otis/SyferStackV2/backend/venv/lib/python3.11/site-packages/fastapi/routing.py\", line 109, in app\n    response = await f(request)\n               ^^^^^^^^^^^^^^^^\n  File \"/home/otis/SyferStackV2/backend/venv/lib/python3.11/site-packages/fastapi/routing.py\", line 428, in app\n    raise validation_error\nfastapi.exceptions.RequestValidationError: [{'type': 'missing', 'loc': ('body', 'username'), 'msg': 'Field required', 'input': None}, {'type': 'missing', 'loc': ('body', 'password'), 'msg': 'Field required', 'input': None}]", "session_id": 130000264702864, "security_sanitized": true, "application": "SyferStack-API"}
{"asctime": "2025-10-12 20:07:15,256", "levelname": "ERROR", "name": "app.core.database", "message": "Unexpected database error", "pathname": "/home/otis/SyferStackV2/backend/app/core/database.py", "lineno": 240, "funcName": "get_db", "exc_info": "Traceback (most recent call last):\n  File \"/usr/lib/python3.11/contextlib.py\", line 222, in __aexit__\n    await self.gen.athrow(typ, value, traceback)\n  File \"/home/otis/SyferStackV2/backend/app/core/database.py\", line 187, in get_db_session\n    yield session\n  File \"/home/otis/SyferStackV2/backend/app/core/database.py\", line 229, in get_db\n    yield session\n  File \"/home/otis/SyferStackV2/backend/venv/lib/python3.11/site-packages/fastapi/routing.py\", line 109, in app\n    response = await f(request)\n               ^^^^^^^^^^^^^^^^\n  File \"/home/otis/SyferStackV2/backend/venv/lib/python3.11/site-packages/fastapi/routing.py\", line 428, in app\n    raise validation_error\nfastapi.exceptions.RequestValidationError: [{'type': 'missing', 'loc': ('body', 'username'), 'msg': 'Field required', 'input': None}, {'type': 'missing', 'loc': ('body', 'password'), 'msg': 'Field required', 'input': None}]", "security_sanitized": true, "application": "SyferStack-API"}
{"asctime": "2025-10-12 20:07:15,263", "levelname": "WARNING", "name": "app.main", "message": "HTTP exception occurred", "pathname": "/home/otis/SyferStackV2/backend/app/main.py", "lineno": 325, "funcName": "http_exception_handler", "status_code": 500, "path": "/api/v1/auth/login", "method": "POST", "client_ip": "127.0.0.1", "security_sanitized": true, "application": "SyferStack-API"}
{"asctime": "2025-10-12 20:07:50,709", "levelname": "WARNING", "name": "app.main", "message": "HTTP exception occurred", "pathname": "/home/otis/SyferStackV2/backend/app/main.py", "lineno": 325, "funcName": "http_exception_handler", "status_code": 401, "path": "/api/v1/auth/login/json", "method": "POST", "client_ip": "127.0.0.1", "security_sanitized": true, "application": "SyferStack-API"}
{"event_type": "password_verification_failed", "timestamp": "2025-10-13T00:09:11.235665Z", "user_id": null, "event": "Security event", "level": "info"}
{"asctime": "2025-10-12 20:09:11,236", "levelname": "WARNING", "name": "app.main", "message": "HTTP exception occurred", "pathname": "/home/otis/SyferStackV2/backend/app/main.py", "lineno": 325, "funcName": "http_exception_handler", "status_code": 401, "path": "/api/v1/auth/login/json", "method": "POST", "client_ip": "127.0.0.1", "security_sanitized": true, "application": "SyferStack-API"}
WARNING:  WatchFiles detected changes in 'test_token.py'. Reloading...
INFO:     Shutting down
INFO:     Waiting for application shutdown.
{"asctime": "2025-10-12 20:09:30,213", "levelname": "INFO", "name": "app.main", "message": "\ud83d\uded1 SyferStack API shutting down...", "pathname": "/home/otis/SyferStackV2/backend/app/main.py", "lineno": 259, "funcName": "lifespan", "security_sanitized": true, "application": "SyferStack-API"}
{"asctime": "2025-10-12 20:09:30,213", "levelname": "INFO", "name": "app.core.database", "message": "Closing database connections", "pathname": "/home/otis/SyferStackV2/backend/app/core/database.py", "lineno": 322, "funcName": "close_db", "security_sanitized": true, "application": "SyferStack-API"}
2025-10-12 20:09:30,217 INFO sqlalchemy.pool.impl.AsyncAdaptedQueuePool Pool disposed. Pool size: 10  Connections in pool: 0 Current Overflow: -10 Current Checked out connections: 0
{"asctime": "2025-10-12 20:09:30,217", "levelname": "INFO", "name": "sqlalchemy.pool.impl.AsyncAdaptedQueuePool", "message": "Pool disposed. Pool size: 10  Connections in pool: 0 Current Overflow: -10 Current Checked out connections: 0", "pathname": "/home/otis/SyferStackV2/backend/venv/lib/python3.11/site-packages/sqlalchemy/pool/impl.py", "lineno": 228, "funcName": "dispose", "security_sanitized": true, "application": "SyferStack-API"}
2025-10-12 20:09:30,217 INFO sqlalchemy.pool.impl.AsyncAdaptedQueuePool Pool recreating
{"asctime": "2025-10-12 20:09:30,217", "levelname": "INFO", "name": "sqlalchemy.pool.impl.AsyncAdaptedQueuePool", "message": "Pool recreating", "pathname": "/home/otis/SyferStackV2/backend/venv/lib/python3.11/site-packages/sqlalchemy/pool/impl.py", "lineno": 203, "funcName": "recreate", "security_sanitized": true, "application": "SyferStack-API"}
{"asctime": "2025-10-12 20:09:30,218", "levelname": "INFO", "name": "app.core.database", "message": "Database connections closed successfully", "pathname": "/home/otis/SyferStackV2/backend/app/core/database.py", "lineno": 324, "funcName": "close_db", "security_sanitized": true, "application": "SyferStack-API"}
{"asctime": "2025-10-12 20:09:30,218", "levelname": "INFO", "name": "app.main", "message": "\u2705 Database connections closed", "pathname": "/home/otis/SyferStackV2/backend/app/main.py", "lineno": 267, "funcName": "lifespan", "security_sanitized": true, "application": "SyferStack-API"}
{"asctime": "2025-10-12 20:09:30,218", "levelname": "INFO", "name": "app.main", "message": "\u2705 SyferStack API shutdown complete", "pathname": "/home/otis/SyferStackV2/backend/app/main.py", "lineno": 272, "funcName": "lifespan", "security_sanitized": true, "application": "SyferStack-API"}
INFO:     Application shutdown complete.
INFO:     Finished server process [26414]
{"asctime": "2025-10-12 20:09:30,943", "levelname": "INFO", "name": "app.logging_config", "message": "Secure logging configured successfully", "pathname": "/home/otis/SyferStackV2/backend/app/logging_config.py", "lineno": 308, "funcName": "setup_json_logging", "log_level": "INFO", "handlers_count": 2, "structured_logging": true, "timestamp": 1760314170.943602, "security_sanitized": true, "application": "SyferStack-API"}
{"asctime": "2025-10-12 20:09:30,944", "levelname": "INFO", "name": "app.main", "message": "Using orjson for enhanced JSON performance", "pathname": "/home/otis/SyferStackV2/backend/app/main.py", "lineno": 283, "funcName": "<module>", "security_sanitized": true, "application": "SyferStack-API"}
INFO:     Started server process [27994]
INFO:     Waiting for application startup.
{"asctime": "2025-10-12 20:09:30,974", "levelname": "INFO", "name": "app.main", "message": "\ud83d\ude80 SyferStack API starting up...", "pathname": "/home/otis/SyferStackV2/backend/app/main.py", "lineno": 242, "funcName": "lifespan", "security_sanitized": true, "application": "SyferStack-API"}
{"asctime": "2025-10-12 20:09:30,974", "levelname": "INFO", "name": "app.core.database", "message": "Starting database initialization", "pathname": "/home/otis/SyferStackV2/backend/app/core/database.py", "lineno": 297, "funcName": "init_db", "security_sanitized": true, "application": "SyferStack-API"}
{"asctime": "2025-10-12 20:09:31,029", "levelname": "INFO", "name": "app.core.database", "message": "Database initialization completed successfully", "pathname": "/home/otis/SyferStackV2/backend/app/core/database.py", "lineno": 310, "funcName": "init_db", "security_sanitized": true, "application": "SyferStack-API"}
{"asctime": "2025-10-12 20:09:31,029", "levelname": "INFO", "name": "app.main", "message": "\u2705 Database initialized", "pathname": "/home/otis/SyferStackV2/backend/app/main.py", "lineno": 248, "funcName": "lifespan", "security_sanitized": true, "application": "SyferStack-API"}
{"asctime": "2025-10-12 20:09:31,029", "levelname": "INFO", "name": "app.main", "message": "\u2705 SyferStack API startup complete", "pathname": "/home/otis/SyferStackV2/backend/app/main.py", "lineno": 254, "funcName": "lifespan", "security_sanitized": true, "application": "SyferStack-API"}
INFO:     Application startup complete.
INFO:     Shutting down
INFO:     Waiting for application shutdown.
{"asctime": "2025-10-12 20:12:34,135", "levelname": "INFO", "name": "app.main", "message": "\ud83d\uded1 SyferStack API shutting down...", "pathname": "/home/otis/SyferStackV2/backend/app/main.py", "lineno": 259, "funcName": "lifespan", "security_sanitized": true, "application": "SyferStack-API"}
{"asctime": "2025-10-12 20:12:34,135", "levelname": "INFO", "name": "app.core.database", "message": "Closing database connections", "pathname": "/home/otis/SyferStackV2/backend/app/core/database.py", "lineno": 322, "funcName": "close_db", "security_sanitized": true, "application": "SyferStack-API"}
2025-10-12 20:12:34,138 INFO sqlalchemy.pool.impl.AsyncAdaptedQueuePool Pool disposed. Pool size: 10  Connections in pool: 0 Current Overflow: -10 Current Checked out connections: 0
{"asctime": "2025-10-12 20:12:34,138", "levelname": "INFO", "name": "sqlalchemy.pool.impl.AsyncAdaptedQueuePool", "message": "Pool disposed. Pool size: 10  Connections in pool: 0 Current Overflow: -10 Current Checked out connections: 0", "pathname": "/home/otis/SyferStackV2/backend/venv/lib/python3.11/site-packages/sqlalchemy/pool/impl.py", "lineno": 228, "funcName": "dispose", "security_sanitized": true, "application": "SyferStack-API"}
2025-10-12 20:12:34,139 INFO sqlalchemy.pool.impl.AsyncAdaptedQueuePool Pool recreating
{"asctime": "2025-10-12 20:12:34,139", "levelname": "INFO", "name": "sqlalchemy.pool.impl.AsyncAdaptedQueuePool", "message": "Pool recreating", "pathname": "/home/otis/SyferStackV2/backend/venv/lib/python3.11/site-packages/sqlalchemy/pool/impl.py", "lineno": 203, "funcName": "recreate", "security_sanitized": true, "application": "SyferStack-API"}
{"asctime": "2025-10-12 20:12:34,139", "levelname": "INFO", "name": "app.core.database", "message": "Database connections closed successfully", "pathname": "/home/otis/SyferStackV2/backend/app/core/database.py", "lineno": 324, "funcName": "close_db", "security_sanitized": true, "application": "SyferStack-API"}
{"asctime": "2025-10-12 20:12:34,139", "levelname": "INFO", "name": "app.main", "message": "\u2705 Database connections closed", "pathname": "/home/otis/SyferStackV2/backend/app/main.py", "lineno": 267, "funcName": "lifespan", "security_sanitized": true, "application": "SyferStack-API"}
{"asctime": "2025-10-12 20:12:34,139", "levelname": "INFO", "name": "app.main", "message": "\u2705 SyferStack API shutdown complete", "pathname": "/home/otis/SyferStackV2/backend/app/main.py", "lineno": 272, "funcName": "lifespan", "security_sanitized": true, "application": "SyferStack-API"}
INFO:     Application shutdown complete.
INFO:     Finished server process [27994]
INFO:     Stopping reloader process [26412]
